<?xml version="1.0" encoding="UTF-8"?>
<!-- Generated by org.testng.reporters.JUnitReportReporter -->
<testsuite hostname="DESKTOP-7QPGA6R" failures="0" tests="2" name="day1.FirstTestNGCode" time="13.195" errors="0" timestamp="2025-12-06T14:54:29 IST" skipped="1">
  <testcase classname="day1.FirstTestNGCode" name="openFcebook" time="13.195"/>
  <testcase classname="day1.FirstTestNGCode" name="openGoogle">
    <skipped/>
  </testcase> <!-- openGoogle -->
</testsuite> <!-- day1.FirstTestNGCode -->
