<?xml version="1.0" encoding="UTF-8"?>
<!-- Generated by org.testng.reporters.JUnitReportReporter -->
<testsuite hostname="DESKTOP-7QPGA6R" failures="0" tests="2" name="day4_Annotations.AnotationsDemo" time="0.018" errors="0" timestamp="2026-01-03T21:47:26 IST" skipped="0">
  <testcase classname="day4_Annotations.AnotationsDemo" name="testMethod1" time="0.016"/>
  <testcase classname="day4_Annotations.AnotationsDemo" name="testMethod2" time="0.002"/>
</testsuite> <!-- day4_Annotations.AnotationsDemo -->
