<?xml version="1.0" encoding="UTF-8"?>
<!-- Generated by org.testng.reporters.JUnitReportReporter -->
<testsuite hostname="DESKTOP-7QPGA6R" failures="0" tests="1" name="day3.AssertionsPractice" time="0.018" errors="0" timestamp="2025-12-21T12:44:12 IST" skipped="0">
  <testcase classname="day3.AssertionsPractice" name="assertSameOverloads" time="0.018">
    <system-out>
      <![CDATA[========= assertSame Test Started ============
========= assertSame Compares object reference, not content ============
============= assertSame Test Ended ===============]]>
    </system-out>
  </testcase> <!-- assertSameOverloads -->
  <system-out>
    <![CDATA[========= assertSame Test Started ============
========= assertSame Compares object reference, not content ============
============= assertSame Test Ended ===============]]>
  </system-out>
</testsuite> <!-- day3.AssertionsPractice -->
