<?xml version="1.0" encoding="UTF-8"?>
<!-- Generated by org.testng.reporters.JUnitReportReporter -->
<testsuite hostname="DESKTOP-7QPGA6R" failures="0" tests="14" name="day6_dataProvider.DataProviderFromExcel_Parallel" time="0.040" errors="0" timestamp="2026-02-14T15:39:16 IST" skipped="0">
  <testcase classname="day6_dataProvider.DataProviderFromExcel_Parallel" name="loginUser" time="0.002"/>
  <testcase classname="day6_dataProvider.DataProviderFromExcel_Parallel" name="loginUser" time="0.002"/>
  <testcase classname="day6_dataProvider.DataProviderFromExcel_Parallel" name="loginUser" time="0.008"/>
  <testcase classname="day6_dataProvider.DataProviderFromExcel_Parallel" name="loginUser" time="0.002"/>
  <testcase classname="day6_dataProvider.DataProviderFromExcel_Parallel" name="loginUser" time="0.002"/>
  <testcase classname="day6_dataProvider.DataProviderFromExcel_Parallel" name="loginUser" time="0.002"/>
  <testcase classname="day6_dataProvider.DataProviderFromExcel_Parallel" name="loginUser" time="0.001"/>
  <testcase classname="day6_dataProvider.DataProviderFromExcel_Parallel" name="loginUser" time="0.008"/>
  <testcase classname="day6_dataProvider.DataProviderFromExcel_Parallel" name="loginUser" time="0.002"/>
  <testcase classname="day6_dataProvider.DataProviderFromExcel_Parallel" name="loginUser" time="0.002"/>
  <testcase classname="day6_dataProvider.DataProviderFromExcel_Parallel" name="loginUser" time="0.002"/>
  <testcase classname="day6_dataProvider.DataProviderFromExcel_Parallel" name="loginUser" time="0.001"/>
  <testcase classname="day6_dataProvider.DataProviderFromExcel_Parallel" name="loginUser" time="0.003"/>
  <testcase classname="day6_dataProvider.DataProviderFromExcel_Parallel" name="loginUser" time="0.003"/>
</testsuite> <!-- day6_dataProvider.DataProviderFromExcel_Parallel -->
