<?xml version="1.0" encoding="UTF-8"?>
<!-- Generated by org.testng.reporters.JUnitReportReporter -->
<testsuite hostname="DESKTOP-7QPGA6R" failures="0" tests="2" name="day3.AssertionsPractice" time="0.015" errors="0" timestamp="2025-12-09T22:54:15 IST" skipped="0">
  <testcase classname="day3.AssertionsPractice" name="notEqualityAssertions" time="0.004">
    <system-out>
      <![CDATA[assertNotEquals(actual, expected) ==> Actual: 11
           Expected: 12
assertNotEquals(actual, expected, message) ==> 
actual and expected both are not equal
Actual: 11
Expected: 12
Arrays are equal but expected them to be different
Arrays are NOT equal, as expected. Test passes.
assertEqualsNoOrder(actualArray, expectedArray) ==> Actual: [b, a, c]
           Expected: [a, b, c]]]>
    </system-out>
  </testcase> <!-- notEqualityAssertions -->
  <testcase classname="day3.AssertionsPractice" name="equalityAssertions" time="0.011">
    <system-out>
      <![CDATA[assertEquals(actual, expected) ==> Actual: 16
           Expected: 16
assertEquals(actual, expected, message) ==> 
actual and expected both are equal
Actual: 16
Expected: 16
assertEqualsNoOrder(actualArray, expectedArray) ==> Actual: [b, a, c]
           Expected: [a, b, c]
assertEqualsNoOrder(actualArray, expectedArray, msg) ==> 
Both actual and expected are Equal
Actual: [b, a, c]
Expected: [a, b, c]]]>
    </system-out>
  </testcase> <!-- equalityAssertions -->
  <system-out>
    <![CDATA[assertEquals(actual, expected) ==> Actual: 16
           Expected: 16
assertEquals(actual, expected, message) ==> 
actual and expected both are equal
Actual: 16
Expected: 16
assertEqualsNoOrder(actualArray, expectedArray) ==> Actual: [b, a, c]
           Expected: [a, b, c]
assertEqualsNoOrder(actualArray, expectedArray, msg) ==> 
Both actual and expected are Equal
Actual: [b, a, c]
Expected: [a, b, c]
assertNotEquals(actual, expected) ==> Actual: 11
           Expected: 12
assertNotEquals(actual, expected, message) ==> 
actual and expected both are not equal
Actual: 11
Expected: 12
Arrays are equal but expected them to be different
Arrays are NOT equal, as expected. Test passes.
assertEqualsNoOrder(actualArray, expectedArray) ==> Actual: [b, a, c]
           Expected: [a, b, c]]]>
  </system-out>
</testsuite> <!-- day3.AssertionsPractice -->
