<?xml version="1.0" encoding="UTF-8"?>
<!-- Generated by org.testng.reporters.JUnitReportReporter -->
<testsuite hostname="DESKTOP-7QPGA6R" failures="0" tests="7" name="day2.OrangeHRM" time="0.016" errors="0" timestamp="2025-12-06T20:28:54 IST" skipped="0">
  <testcase classname="day2.OrangeHRM" name="VerifyMyInfo" time="0.002"/>
  <testcase classname="day2.OrangeHRM" name="LaunchApp" time="0.006"/>
  <testcase classname="day2.OrangeHRM" name="EnterLoginDetails" time="0.001"/>
  <testcase classname="day2.OrangeHRM" name="NavigateToMyInfo" time="0.002"/>
  <testcase classname="day2.OrangeHRM" name="EnterLoginDetails" time="0.002"/>
  <testcase classname="day2.OrangeHRM" name="VerifyLogin" time="0.002"/>
  <testcase classname="day2.OrangeHRM" name="LaunchApp" time="0.001"/>
</testsuite> <!-- day2.OrangeHRM -->
