<?xml version="1.0" encoding="UTF-8"?>
<!-- Generated by org.testng.reporters.JUnitReportReporter -->
<testsuite hostname="DESKTOP-7QPGA6R" failures="0" tests="4" name="day8_prallelTests.ParallelTest_1" time="0.021" errors="0" timestamp="2026-02-14T22:34:09 IST" skipped="0">
  <testcase classname="day8_prallelTests.ParallelTest_1" name="m2" time="0.003"/>
  <testcase classname="day8_prallelTests.ParallelTest_1" name="m1" time="0.016"/>
  <testcase classname="day8_prallelTests.ParallelTest_1" name="m4" time="0.001"/>
  <testcase classname="day8_prallelTests.ParallelTest_1" name="m3" time="0.001"/>
</testsuite> <!-- day8_prallelTests.ParallelTest_1 -->
