<?xml version="1.0" encoding="UTF-8"?>
<!-- Generated by org.testng.reporters.JUnitReportReporter -->
<testsuite hostname="DESKTOP-7QPGA6R" failures="0" tests="4" name="day9_invoation.Invocation_1" time="24.182" errors="0" timestamp="2026-02-15T10:05:21 IST" skipped="0">
  <testcase classname="day9_invoation.Invocation_1" name="m2" time="6.345"/>
  <testcase classname="day9_invoation.Invocation_1" name="m2" time="5.768"/>
  <testcase classname="day9_invoation.Invocation_1" name="m2" time="5.508"/>
  <testcase classname="day9_invoation.Invocation_1" name="m2" time="6.561"/>
</testsuite> <!-- day9_invoation.Invocation_1 -->
