<?xml version="1.0" encoding="UTF-8"?>
<!-- Generated by org.testng.reporters.JUnitXMLReporter -->
<testsuite ignored="2" hostname="DESKTOP-7QPGA6R" failures="0" tests="3" name="OrangeHRMLogin" time="0.064" errors="0" timestamp="2025-12-06T20:27:57 IST">
  <testcase classname="day2.OrangeHRM" name="LaunchApp" time="0.006"/>
  <testcase classname="day2.OrangeHRM" name="EnterLoginDetails" time="0.001"/>
  <testcase classname="day2.OrangeHRM" name="VerifyLogin" time="0.001"/>
  <testcase classname="day2.OrangeHRM" name="NavigateToMyInfo" time="0.0">
    <ignored/>
  </testcase> <!-- NavigateToMyInfo -->
  <testcase classname="day2.OrangeHRM" name="VerifyMyInfo" time="0.0">
    <ignored/>
  </testcase> <!-- VerifyMyInfo -->
</testsuite> <!-- OrangeHRMLogin -->
