<?xml version="1.0" encoding="UTF-8"?>
<!-- Generated by org.testng.reporters.JUnitXMLReporter -->
<testsuite ignored="0" hostname="DESKTOP-7QPGA6R" failures="0" tests="4" name="Test3" time="0.011" errors="0" timestamp="2026-02-14T22:09:54 IST">
  <testcase classname="day8_prallelTests.ParallelTest_3" name="m1" time="0.001"/>
  <testcase classname="day8_prallelTests.ParallelTest_3" name="m2" time="0.001"/>
  <testcase classname="day8_prallelTests.ParallelTest_3" name="m3" time="0.001"/>
  <testcase classname="day8_prallelTests.ParallelTest_3" name="m4" time="0.001"/>
</testsuite> <!-- Test3 -->
