<?xml version="1.0" encoding="UTF-8"?>
<!-- Generated by org.testng.reporters.JUnitXMLReporter -->
<testsuite ignored="0" hostname="DESKTOP-7QPGA6R" failures="1" tests="1" name="Test1" time="6.168" errors="0" timestamp="2026-02-15T18:48:12 IST">
  <testcase classname="day11_captureScreenShots.TestClass2_DependencyInjection" name="testFB" time="4.355">
    <failure type="java.lang.AssertionError" message="expected [true] but found [false]">
      <![CDATA[java.lang.AssertionError: expected [true] but found [false]
at day11_captureScreenShots.TestClass2_DependencyInjection.testFB(TestClass2_DependencyInjection.java:20)
at java.base/java.util.ArrayList.forEach(ArrayList.java:1596)
... Removed 29 stack frames]]>
    </failure>
  </testcase> <!-- testFB -->
</testsuite> <!-- Test1 -->
