<?xml version="1.0" encoding="UTF-8"?>
<!-- Generated by org.testng.reporters.JUnitXMLReporter -->
<testsuite ignored="2" hostname="DESKTOP-7QPGA6R" failures="1" tests="2" name="Test2" time="2.03" errors="0" timestamp="2026-02-15T12:38:59 IST">
  <testcase classname="day10_TestNGListener.ListenersAtSuiteLevel" name="m3" time="2.018">
    <failure type="org.testng.internal.thread.ThreadTimeoutException" message="Method day10_TestNGListener.ListenersAtSuiteLevel.m3() didn&amp;apos;t finish within the time-out 2000">
      <![CDATA[org.testng.internal.thread.ThreadTimeoutException: Method day10_TestNGListener.ListenersAtSuiteLevel.m3() didn't finish within the time-out 2000
at java.base/java.lang.Thread.sleep0(Native Method)
at java.base/java.lang.Thread.sleep(Thread.java:509)
at day10_TestNGListener.ListenersAtSuiteLevel.m3(ListenersAtSuiteLevel.java:23)
at java.base/java.util.concurrent.FutureTask.run(FutureTask.java:317)
at java.base/java.util.concurrent.ThreadPoolExecutor.runWorker(ThreadPoolExecutor.java:1144)
at java.base/java.util.concurrent.ThreadPoolExecutor$Worker.run(ThreadPoolExecutor.java:642)
at java.base/java.lang.Thread.run(Thread.java:1583)
... Removed 6 stack frames]]>
    </failure>
  </testcase> <!-- m3 -->
  <testcase classname="day10_TestNGListener.ListenersAtSuiteLevel" name="m4" time="0.0">
    <skipped/>
  </testcase> <!-- m4 -->
  <testcase classname="day10_TestNGListener.ListenersAtSuiteLevel" name="m2" time="0.0">
    <ignored/>
  </testcase> <!-- m2 -->
  <testcase classname="day10_TestNGListener.ListenersAtSuiteLevel" name="m1" time="0.0">
    <ignored/>
  </testcase> <!-- m1 -->
</testsuite> <!-- Test2 -->
